[0.755s] DEBUG:colcon:Command line arguments: ['/usr/bin/colcon', 'build']
[0.756s] DEBUG:colcon:Parsed command line arguments: Namespace(ament_cmake_args=None, base_paths=['.'], build_base='build', catkin_cmake_args=None, catkin_skip_building_tests=False, cmake_args=None, cmake_clean_cache=False, cmake_clean_first=False, cmake_force_configure=False, cmake_target=None, cmake_target_skip_unavailable=False, continue_on_error=False, event_handlers=None, executor='parallel', ignore_user_meta=False, install_base='install', log_base=None, log_level=None, main=<bound method BuildVerb.main of <colcon_core.verb.build.BuildVerb object at 0x7f47880b2fd0>>, merge_install=False, metas=['./colcon.meta'], packages_above=None, packages_above_and_dependencies=None, packages_above_depth=None, packages_end=None, packages_ignore=None, packages_ignore_regex=None, packages_select=None, packages_select_build_failed=False, packages_select_by_dep=None, packages_select_regex=None, packages_select_test_failures=False, packages_skip=None, packages_skip_build_finished=False, packages_skip_by_dep=None, packages_skip_regex=None, packages_skip_test_passed=False, packages_skip_up_to=None, packages_start=None, packages_up_to=None, packages_up_to_regex=None, parallel_workers=1, paths=None, symlink_install=False, test_result_base=None, verb_extension=<colcon_core.verb.build.BuildVerb object at 0x7f47880b2fd0>, verb_name='build', verb_parser=<colcon_defaults.argument_parser.defaults.DefaultArgumentsDecorator object at 0x7f47880bb490>)
[0.778s] Level 1:colcon.colcon_core.package_discovery:discover_packages(colcon_meta) check parameters
[0.779s] Level 1:colcon.colcon_core.package_discovery:discover_packages(recursive) check parameters
[0.779s] Level 1:colcon.colcon_core.package_discovery:discover_packages(ignore) check parameters
[0.779s] Level 1:colcon.colcon_core.package_discovery:discover_packages(path) check parameters
[0.779s] Level 1:colcon.colcon_core.package_discovery:discover_packages(colcon_meta) discover
[0.779s] Level 1:colcon.colcon_core.package_discovery:discover_packages(recursive) discover
[0.779s] INFO:colcon.colcon_core.package_discovery:Crawling recursively for packages in '/home/robojackets/robocup-software'
[0.779s] Level 1:colcon.colcon_core.package_identification:_identify(.) by extensions ['ignore', 'ignore_ament_install']
[0.779s] Level 1:colcon.colcon_core.package_identification:_identify(.) by extension 'ignore'
[0.779s] Level 1:colcon.colcon_core.package_identification:_identify(.) by extension 'ignore_ament_install'
[0.779s] Level 1:colcon.colcon_core.package_identification:_identify(.) by extensions ['colcon_pkg']
[0.779s] Level 1:colcon.colcon_core.package_identification:_identify(.) by extension 'colcon_pkg'
[0.779s] Level 1:colcon.colcon_core.package_identification:_identify(.) by extensions ['colcon_meta']
[0.779s] Level 1:colcon.colcon_core.package_identification:_identify(.) by extension 'colcon_meta'
[0.779s] Level 1:colcon.colcon_core.package_identification:_identify(.) by extensions ['ros']
[0.779s] Level 1:colcon.colcon_core.package_identification:_identify(.) by extension 'ros'
[0.808s] DEBUG:colcon.colcon_core.package_identification:Package '.' with type 'ros.ament_cmake' and name 'rj_robocup'
[0.808s] Level 1:colcon.colcon_core.package_discovery:discover_packages(recursive) using defaults
[0.809s] Level 1:colcon.colcon_core.package_discovery:discover_packages(ignore) discover
[0.809s] Level 1:colcon.colcon_core.package_discovery:discover_packages(ignore) using defaults
[0.809s] Level 1:colcon.colcon_core.package_discovery:discover_packages(path) discover
[0.809s] Level 1:colcon.colcon_core.package_discovery:discover_packages(path) using defaults
[0.848s] Level 5:colcon.colcon_core.verb:set package 'rj_robocup' build argument 'cmake_args' from command line to 'None'
[0.848s] Level 5:colcon.colcon_core.verb:set package 'rj_robocup' build argument 'cmake_target' from command line to 'None'
[0.848s] Level 5:colcon.colcon_core.verb:set package 'rj_robocup' build argument 'cmake_target_skip_unavailable' from command line to 'False'
[0.848s] Level 5:colcon.colcon_core.verb:set package 'rj_robocup' build argument 'cmake_clean_cache' from command line to 'False'
[0.848s] Level 5:colcon.colcon_core.verb:set package 'rj_robocup' build argument 'cmake_clean_first' from command line to 'False'
[0.848s] Level 5:colcon.colcon_core.verb:set package 'rj_robocup' build argument 'cmake_force_configure' from command line to 'False'
[0.848s] Level 5:colcon.colcon_core.verb:set package 'rj_robocup' build argument 'ament_cmake_args' from command line to 'None'
[0.848s] Level 5:colcon.colcon_core.verb:set package 'rj_robocup' build argument 'catkin_cmake_args' from command line to 'None'
[0.848s] Level 5:colcon.colcon_core.verb:set package 'rj_robocup' build argument 'catkin_skip_building_tests' from command line to 'False'
[0.848s] DEBUG:colcon.colcon_core.verb:Building package 'rj_robocup' with the following arguments: {'ament_cmake_args': None, 'build_base': '/home/robojackets/robocup-software/build/rj_robocup', 'catkin_cmake_args': None, 'catkin_skip_building_tests': False, 'cmake_args': None, 'cmake_clean_cache': False, 'cmake_clean_first': False, 'cmake_force_configure': False, 'cmake_target': None, 'cmake_target_skip_unavailable': False, 'install_base': '/home/robojackets/robocup-software/install/rj_robocup', 'merge_install': False, 'path': '/home/robojackets/robocup-software', 'symlink_install': False, 'test_result_base': None}
[0.849s] INFO:colcon.colcon_core.executor:Executing jobs using 'parallel' executor
[0.852s] DEBUG:colcon.colcon_parallel_executor.executor.parallel:run_until_complete
[0.852s] INFO:colcon.colcon_ros.task.ament_cmake.build:Building ROS package in '/home/robojackets/robocup-software' with build type 'ament_cmake'
[0.852s] INFO:colcon.colcon_cmake.task.cmake.build:Building CMake package in '/home/robojackets/robocup-software'
[0.870s] INFO:colcon.colcon_core.plugin_system:Skipping extension 'colcon_core.shell.bat': Not used on non-Windows systems
[0.870s] INFO:colcon.colcon_core.shell:Skip shell extension 'powershell' for command environment: Not usable outside of PowerShell
[0.870s] DEBUG:colcon.colcon_core.shell:Skip shell extension 'dsv' for command environment
[0.877s] DEBUG:colcon.colcon_core.shell:Ignoring prefix path '/opt/ros/foxy'
[0.889s] DEBUG:colcon.colcon_core.event_handler.log_command:Invoking command in '/home/robojackets/robocup-software/build/rj_robocup': CMAKE_PREFIX_PATH=/opt/ros/foxy /usr/bin/cmake /home/robojackets/robocup-software -DCMAKE_INSTALL_PREFIX=/home/robojackets/robocup-software/install/rj_robocup
[147.712s] DEBUG:colcon.colcon_core.event_handler.log_command:Invoked command in '/home/robojackets/robocup-software/build/rj_robocup' returned '1': CMAKE_PREFIX_PATH=/opt/ros/foxy /usr/bin/cmake /home/robojackets/robocup-software -DCMAKE_INSTALL_PREFIX=/home/robojackets/robocup-software/install/rj_robocup
[147.729s] Level 1:colcon.colcon_core.environment:create_environment_scripts_only(rj_robocup)
[147.763s] Level 1:colcon.colcon_core.environment:checking '/home/robojackets/robocup-software/install/rj_robocup' for CMake module files
[147.768s] Level 1:colcon.colcon_core.environment:checking '/home/robojackets/robocup-software/install/rj_robocup' for CMake config files
[147.768s] Level 1:colcon.colcon_core.shell:create_environment_hook('rj_robocup', 'cmake_prefix_path')
[147.769s] INFO:colcon.colcon_core.shell:Creating environment hook '/home/robojackets/robocup-software/install/rj_robocup/share/rj_robocup/hook/cmake_prefix_path.ps1'
[147.773s] INFO:colcon.colcon_core.shell:Creating environment descriptor '/home/robojackets/robocup-software/install/rj_robocup/share/rj_robocup/hook/cmake_prefix_path.dsv'
[147.775s] INFO:colcon.colcon_core.shell:Creating environment hook '/home/robojackets/robocup-software/install/rj_robocup/share/rj_robocup/hook/cmake_prefix_path.sh'
[147.776s] Level 1:colcon.colcon_core.environment:checking '/home/robojackets/robocup-software/install/rj_robocup/lib'
[147.777s] Level 1:colcon.colcon_core.shell:create_environment_hook('rj_robocup', 'ld_library_path_lib')
[147.777s] INFO:colcon.colcon_core.shell:Creating environment hook '/home/robojackets/robocup-software/install/rj_robocup/share/rj_robocup/hook/ld_library_path_lib.ps1'
[147.780s] INFO:colcon.colcon_core.shell:Creating environment descriptor '/home/robojackets/robocup-software/install/rj_robocup/share/rj_robocup/hook/ld_library_path_lib.dsv'
[147.780s] INFO:colcon.colcon_core.shell:Creating environment hook '/home/robojackets/robocup-software/install/rj_robocup/share/rj_robocup/hook/ld_library_path_lib.sh'
[147.780s] Level 1:colcon.colcon_core.environment:checking '/home/robojackets/robocup-software/install/rj_robocup/bin'
[147.780s] Level 1:colcon.colcon_core.environment:checking '/home/robojackets/robocup-software/install/rj_robocup/lib/pkgconfig/rj_robocup.pc'
[147.780s] Level 1:colcon.colcon_core.environment:checking '/home/robojackets/robocup-software/install/rj_robocup/lib/python3.8/site-packages'
[147.780s] Level 1:colcon.colcon_core.shell:create_environment_hook('rj_robocup', 'pythonpath')
[147.781s] INFO:colcon.colcon_core.shell:Creating environment hook '/home/robojackets/robocup-software/install/rj_robocup/share/rj_robocup/hook/pythonpath.ps1'
[147.781s] INFO:colcon.colcon_core.shell:Creating environment descriptor '/home/robojackets/robocup-software/install/rj_robocup/share/rj_robocup/hook/pythonpath.dsv'
[147.781s] INFO:colcon.colcon_core.shell:Creating environment hook '/home/robojackets/robocup-software/install/rj_robocup/share/rj_robocup/hook/pythonpath.sh'
[147.783s] INFO:colcon.colcon_core.shell:Creating package script '/home/robojackets/robocup-software/install/rj_robocup/share/rj_robocup/package.ps1'
[147.786s] INFO:colcon.colcon_core.shell:Creating package descriptor '/home/robojackets/robocup-software/install/rj_robocup/share/rj_robocup/package.dsv'
[147.788s] INFO:colcon.colcon_core.shell:Creating package script '/home/robojackets/robocup-software/install/rj_robocup/share/rj_robocup/package.sh'
[147.790s] INFO:colcon.colcon_core.shell:Creating package script '/home/robojackets/robocup-software/install/rj_robocup/share/rj_robocup/package.bash'
[147.792s] INFO:colcon.colcon_core.shell:Creating package script '/home/robojackets/robocup-software/install/rj_robocup/share/rj_robocup/package.zsh'
[147.795s] Level 1:colcon.colcon_core.environment:create_file_with_runtime_dependencies(/home/robojackets/robocup-software/install/rj_robocup/share/colcon-core/packages/rj_robocup)
[147.797s] DEBUG:colcon.colcon_parallel_executor.executor.parallel:closing loop
[147.799s] DEBUG:colcon.colcon_parallel_executor.executor.parallel:loop closed
[147.799s] DEBUG:colcon.colcon_parallel_executor.executor.parallel:run_until_complete finished with '1'
[147.799s] DEBUG:colcon.colcon_core.event_reactor:joining thread
[147.811s] INFO:colcon.colcon_core.plugin_system:Skipping extension 'colcon_notification.desktop_notification.terminal_notifier': Not used on non-Darwin systems
[147.811s] INFO:colcon.colcon_core.plugin_system:Skipping extension 'colcon_notification.desktop_notification.win32': Not used on non-Windows systems
[147.811s] INFO:colcon.colcon_notification.desktop_notification:Sending desktop notification using 'notify2'
[147.841s] DEBUG:colcon.colcon_core.event_reactor:joined thread
[147.842s] INFO:colcon.colcon_core.shell:Creating prefix script '/home/robojackets/robocup-software/install/local_setup.ps1'
[147.845s] INFO:colcon.colcon_core.shell:Creating prefix util module '/home/robojackets/robocup-software/install/_local_setup_util_ps1.py'
[147.846s] INFO:colcon.colcon_core.shell:Creating prefix chain script '/home/robojackets/robocup-software/install/setup.ps1'
[147.851s] INFO:colcon.colcon_core.shell:Creating prefix script '/home/robojackets/robocup-software/install/local_setup.sh'
[147.854s] INFO:colcon.colcon_core.shell:Creating prefix util module '/home/robojackets/robocup-software/install/_local_setup_util_sh.py'
[147.854s] INFO:colcon.colcon_core.shell:Creating prefix chain script '/home/robojackets/robocup-software/install/setup.sh'
[147.861s] INFO:colcon.colcon_core.shell:Creating prefix script '/home/robojackets/robocup-software/install/local_setup.bash'
[147.865s] INFO:colcon.colcon_core.shell:Creating prefix chain script '/home/robojackets/robocup-software/install/setup.bash'
[147.873s] INFO:colcon.colcon_core.shell:Creating prefix script '/home/robojackets/robocup-software/install/local_setup.zsh'
[147.875s] INFO:colcon.colcon_core.shell:Creating prefix chain script '/home/robojackets/robocup-software/install/setup.zsh'
